<?xml version="1.0" encoding="UTF-8"?>
<!-- Generated by org.testng.reporters.JUnitReportReporter -->
<testsuite hostname="Praveena_PC" failures="0" tests="2" name="configAnnotations.configAnnotations" time="0.008" errors="0" timestamp="2026-08-10T13:12:55 IST" skipped="0">
  <testcase classname="configAnnotations.configAnnotations" name="configTest2" time="0.001"/>
  <system-out/>
  <testcase classname="configAnnotations.configAnnotations" name="configTest1" time="0.007"/>
  <system-out/>
</testsuite> <!-- configAnnotations.configAnnotations -->
