<?xml version="1.0" encoding="UTF-8"?>
<!-- Generated by org.testng.reporters.JUnitReportReporter -->
<testsuite hostname="Praveena_PC" failures="0" tests="2" name="configAnnotations.BeforeMethodAnnotation" time="0.015" errors="0" timestamp="2026-08-10T11:40:16 IST" skipped="0">
  <testcase classname="configAnnotations.BeforeMethodAnnotation" name="configTest" time="0.013"/>
  <system-out/>
  <testcase classname="configAnnotations.BeforeMethodAnnotation" name="configTest2" time="0.002"/>
  <system-out/>
</testsuite> <!-- configAnnotations.BeforeMethodAnnotation -->
