<?xml version="1.0" encoding="UTF-8"?>
<!-- Generated by org.testng.reporters.JUnitReportReporter -->
<testsuite hostname="Praveena_PC" failures="0" tests="2" name="configAnnotations.CreateOrg" time="0.003" errors="0" timestamp="2026-08-10T13:24:42 IST" skipped="0">
  <testcase classname="configAnnotations.CreateOrg" name="createContact" time="0.002"/>
  <system-out/>
  <testcase classname="configAnnotations.CreateOrg" name="createContactWithdate" time="0.001"/>
  <system-out/>
</testsuite> <!-- configAnnotations.CreateOrg -->
