<?xml version="1.0" encoding="UTF-8"?>
<!-- Generated by org.testng.reporters.JUnitXMLReporter -->
<testsuite ignored="2" hostname="Praveena_PC" failures="0" tests="4" name="Test" time="0.047" errors="0" timestamp="2026-08-10T13:24:42 IST">
  <testcase classname="configAnnotations.CreateContact" name="createContact" time="0.005"/>
  <testcase classname="configAnnotations.CreateContact" name="createContactWithdate" time="0.003"/>
  <testcase classname="configAnnotations.CreateOrg" name="createContact" time="0.001"/>
  <testcase classname="configAnnotations.CreateOrg" name="createContactWithdate" time="0.001"/>
  <testcase classname="configAnnotations.BaseClass" name="@BeforeSuite connectDB" time="0.0">
    <ignored/>
  </testcase> <!-- @BeforeSuite connectDB -->
  <testcase classname="configAnnotations.BaseClass" name="@AfterSuite closeDB" time="0.0">
    <ignored/>
  </testcase> <!-- @AfterSuite closeDB -->
</testsuite> <!-- Test -->
