<?xml version="1.0" encoding="UTF-8"?>
<testng-results ignored="0" total="2" passed="2" failed="0" skipped="0">
  <reporter-output>
  </reporter-output>
  <suite started-at="2026-08-11T11:16:45 IST" name="Suite" finished-at="2026-08-11T11:16:45 IST" duration-ms="42">
    <groups>
    </groups>
    <test started-at="2026-08-11T11:16:45 IST" name="Test-1" finished-at="2026-08-11T11:16:45 IST" duration-ms="42">
      <class name="parallel_distribution.Org">
        <test-method signature="createOrg()[pri:0, instance:parallel_distribution.Org@6ef888f6]" started-at="2026-08-11T11:16:45 IST" name="createOrg" finished-at="2026-08-11T11:16:45 IST" duration-ms="14" status="PASS">
          <reporter-output>
          </reporter-output>
        </test-method> <!-- createOrg -->
      </class> <!-- parallel_distribution.Org -->
    </test> <!-- Test-1 -->
    <test started-at="2026-08-11T11:16:45 IST" name="Test-2" finished-at="2026-08-11T11:16:45 IST" duration-ms="42">
      <class name="parallel_distribution.Contact">
        <test-method signature="createContact()[pri:0, instance:parallel_distribution.Contact@481a996b]" started-at="2026-08-11T11:16:45 IST" name="createContact" finished-at="2026-08-11T11:16:45 IST" duration-ms="14" status="PASS">
          <reporter-output>
          </reporter-output>
        </test-method> <!-- createContact -->
      </class> <!-- parallel_distribution.Contact -->
    </test> <!-- Test-2 -->
  </suite> <!-- Suite -->
</testng-results>
